<?xml version="1.0" encoding="UTF-8" ?>
<testsuite tests="1" failures="1" name="TestSuite" time="0.029" errors="0" skipped="0">
  <properties>
    <property name="java.runtime.name" value="Java(TM) SE Runtime Environment"/>
    <property name="sun.boot.library.path" value="C:\Program Files\Java\jdk1.8.0_221\jre\bin"/>
    <property name="java.vm.version" value="25.221-b11"/>
    <property name="java.vm.vendor" value="Oracle Corporation"/>
    <property name="maven.multiModuleProjectDirectory" value="C:/Users/52951/eclipse-workspace/testget_apptive"/>
    <property name="java.vendor.url" value="http://java.oracle.com/"/>
    <property name="path.separator" value=";"/>
    <property name="guice.disable.misplaced.annotation.check" value="true"/>
    <property name="java.vm.name" value="Java HotSpot(TM) 64-Bit Server VM"/>
    <property name="file.encoding.pkg" value="sun.io"/>
    <property name="user.script" value=""/>
    <property name="user.country" value="MX"/>
    <property name="sun.java.launcher" value="SUN_STANDARD"/>
    <property name="sun.os.patch.level" value=""/>
    <property name="java.vm.specification.name" value="Java Virtual Machine Specification"/>
    <property name="user.dir" value="C:\Users\52951\eclipse-workspace\testget_apptive"/>
    <property name="java.runtime.version" value="1.8.0_221-b11"/>
    <property name="java.awt.graphicsenv" value="sun.awt.Win32GraphicsEnvironment"/>
    <property name="java.endorsed.dirs" value="C:\Program Files\Java\jdk1.8.0_221\jre\lib\endorsed"/>
    <property name="os.arch" value="amd64"/>
    <property name="java.io.tmpdir" value="C:\Users\52951\AppData\Local\Temp\"/>
    <property name="line.separator" value="
"/>
    <property name="java.vm.specification.vendor" value="Oracle Corporation"/>
    <property name="user.variant" value=""/>
    <property name="os.name" value="Windows 10"/>
    <property name="classworlds.conf" value="C:/Program Files/apache-maven-3.6.1-bin/apache-maven-3.6.1/bin/m2.conf"/>
    <property name="sun.jnu.encoding" value="Cp1252"/>
    <property name="java.library.path" value="C:\Program Files\Java\jdk1.8.0_221\bin;C:\WINDOWS\Sun\Java\bin;C:\WINDOWS\system32;C:\WINDOWS;C:\Users\52951\bin;C:\Program Files\Git\mingw64\bin;C:\Program Files\Git\usr\local\bin;C:\Program Files\Git\usr\bin;C:\Program Files\Git\usr\bin;C:\Program Files\Git\mingw64\bin;C:\Program Files\Git\usr\bin;C:\Users\52951\bin;C:\Program Files\Java\jdk1.8.0_221\bin;C:\WINDOWS\system32;C:\WINDOWS;C:\WINDOWS\System32\Wbem;C:\WINDOWS\System32\WindowsPowerShell\v1.0;C:\WINDOWS\System32\OpenSSH;C:\Program Files\Git\cmd;C:\Program Files\apache-maven-3.6.1-bin\apache-maven-3.6.1\bin;C:\Program Files\terraform_0.12.7_windows_amd64;C:\Users\52951\AppData\Local\Android\Sdk\platform-tools;C:\Users\52951\AppData\Local\Android\Sdk\tools;C:\Program Files\apache-maven-3.6.1-bin\apache-maven-3.6.1\bin;C:\Users\52951\AppData\Local\Microsoft\WindowsApps;C:\Users\52951\AppData\Local\Programs\Microsoft VS Code\bin;C:\Program Files\Docker Toolbox;C:\Users\52951\AppData\Local\Google\Cloud SDK\google-cloud-sdk\bin;C:\Program Files\Git\usr\bin\vendor_perl;C:\Program Files\Git\usr\bin\core_perl;."/>
    <property name="maven.conf" value="C:/Program Files/apache-maven-3.6.1-bin/apache-maven-3.6.1/conf"/>
    <property name="java.specification.name" value="Java Platform API Specification"/>
    <property name="java.class.version" value="52.0"/>
    <property name="sun.management.compiler" value="HotSpot 64-Bit Tiered Compilers"/>
    <property name="os.version" value="10.0"/>
    <property name="library.jansi.path" value="C:/Program Files/apache-maven-3.6.1-bin/apache-maven-3.6.1/lib/jansi-native"/>
    <property name="user.home" value="C:\Users\52951"/>
    <property name="user.timezone" value="America/Mexico_City"/>
    <property name="java.awt.printerjob" value="sun.awt.windows.WPrinterJob"/>
    <property name="java.specification.version" value="1.8"/>
    <property name="file.encoding" value="Cp1252"/>
    <property name="user.name" value="52951"/>
    <property name="java.class.path" value="C:/Program Files/apache-maven-3.6.1-bin/apache-maven-3.6.1/boot/plexus-classworlds-2.6.0.jar"/>
    <property name="java.vm.specification.version" value="1.8"/>
    <property name="sun.arch.data.model" value="64"/>
    <property name="java.home" value="C:\Program Files\Java\jdk1.8.0_221\jre"/>
    <property name="sun.java.command" value="org.codehaus.plexus.classworlds.launcher.Launcher install -P appiumget_apptive?"/>
    <property name="java.specification.vendor" value="Oracle Corporation"/>
    <property name="user.language" value="es"/>
    <property name="awt.toolkit" value="sun.awt.windows.WToolkit"/>
    <property name="java.vm.info" value="mixed mode"/>
    <property name="java.version" value="1.8.0_221"/>
    <property name="java.ext.dirs" value="C:\Program Files\Java\jdk1.8.0_221\jre\lib\ext;C:\WINDOWS\Sun\Java\lib\ext"/>
    <property name="sun.boot.class.path" value="C:\Program Files\Java\jdk1.8.0_221\jre\lib\resources.jar;C:\Program Files\Java\jdk1.8.0_221\jre\lib\rt.jar;C:\Program Files\Java\jdk1.8.0_221\jre\lib\sunrsasign.jar;C:\Program Files\Java\jdk1.8.0_221\jre\lib\jsse.jar;C:\Program Files\Java\jdk1.8.0_221\jre\lib\jce.jar;C:\Program Files\Java\jdk1.8.0_221\jre\lib\charsets.jar;C:\Program Files\Java\jdk1.8.0_221\jre\lib\jfr.jar;C:\Program Files\Java\jdk1.8.0_221\jre\classes"/>
    <property name="java.vendor" value="Oracle Corporation"/>
    <property name="maven.home" value="C:\Program Files\apache-maven-3.6.1-bin\apache-maven-3.6.1"/>
    <property name="file.separator" value="\"/>
    <property name="java.vendor.url.bug" value="http://bugreport.sun.com/bugreport/"/>
    <property name="sun.cpu.endian" value="little"/>
    <property name="sun.io.unicode.encoding" value="UnicodeLittle"/>
    <property name="sun.desktop" value="windows"/>
    <property name="sun.cpu.isalist" value="amd64"/>
  </properties>
  <testcase classname="com.qaminds.testget_apptive.IntroductionTest" name="validationTest" time="0.029">
    <failure type="java.lang.NullPointerException">java.lang.NullPointerException
	at java.util.Objects.requireNonNull(Objects.java:203)
	at org.openqa.selenium.support.ui.FluentWait.&lt;init&gt;(FluentWait.java:106)
	at org.openqa.selenium.support.ui.WebDriverWait.&lt;init&gt;(WebDriverWait.java:85)
	at org.openqa.selenium.support.ui.WebDriverWait.&lt;init&gt;(WebDriverWait.java:45)
	at com.qaminds.pages.BasePage.&lt;init&gt;(BasePage.java:19)
	at com.qaminds.pages.IntroductionPage.&lt;init&gt;(IntroductionPage.java:10)
	at com.qaminds.testget_apptive.IntroductionTest.validationTest(IntroductionTest.java:14)
</failure>
    <system-out>Configuring TestNG with: org.apache.maven.surefire.testng.conf.TestNG652Configurator@3f102e87
se carga el driver
si entra
caps Capabilities {app: C:\Users\52951\eclipse-work..., appActivity: com.tekiti.getapptive.Splas..., appPackage: com.tekiti.getapptive, autoGrantPermissions: true, deviceName: emulator-5554, platformName: Android, platformVersion: 9}
io.appium.java_client.android.AndroidDriver, Capabilities: {app=C:\Users\52951\eclipse-workspace\testget_apptive\src\test\resources\apps\get_apptive.apk, appActivity=com.tekiti.getapptive.SplashActivity, appPackage=com.tekiti.getapptive, autoGrantPermissions=true, databaseEnabled=false, desired={platformName=android, app=C:\Users\52951\eclipse-workspace\testget_apptive\src\test\resources\apps\get_apptive.apk, appActivity=com.tekiti.getapptive.SplashActivity, appPackage=com.tekiti.getapptive, autoGrantPermissions=true, deviceName=emulator-5554, platformVersion=9}, deviceManufacturer=Google, deviceModel=Android SDK built for x86, deviceName=emulator-5554, deviceScreenSize=1440x2560, deviceUDID=emulator-5554, javascriptEnabled=true, locationContextEnabled=false, networkConnectionEnabled=true, platform=LINUX, platformName=Android, platformVersion=9, takesScreenshot=true, warnings={}, webStorageEnabled=false}
{build={version=1.13.0}}
com.qaminds.coreappium.MyDriverAppium@28261e8e
get in validationTest com.qaminds.coreappium.MyDriverAppium@25be7b63
llega al BasePage
</system-out>
    <system-err>nov 09, 2019 12:12:18 PM io.appium.java_client.remote.AppiumCommandExecutor$1 lambda$0
INFORMACIÃ“N: Detected dialect: W3C
</system-err>
  </testcase>
</testsuite>