<?xml version="1.0" encoding="UTF-8"?>
<!-- Generated by org.testng.reporters.JUnitReportReporter -->
<testsuite skipped="0" hostname="DESKTOP-0RHT491" name="com.qaminds.testget_apptive.IntroductionTest" tests="1" failures="0" timestamp="2019-12-06T21:10:52 CST" time="42.302" errors="0">
  <testcase name="validationTest" time="42.302" classname="com.qaminds.testget_apptive.IntroductionTest"/>
</testsuite> <!-- com.qaminds.testget_apptive.IntroductionTest -->
